2018-06-12 17:26:20,308 - E:/python_test/.idea/test_new.py[line:656] - INFO: numner 9527 
2018-06-12 17:27:29,653 - E:/python_test/.idea/test_new.py[line:656] - INFO: numner 9527 
2018-06-12 17:33:58,828 - E:/python_test/.idea/test_new.py[line:659] - INFO: err:9527 
2018-06-12 17:34:36,367 - E:/python_test/.idea/test_new.py[line:659] - INFO: err:9527 
2018-06-12 17:36:16,776 - E:/python_test/.idea/test_new.py[line:659] - INFO: err:9527 
2018-06-12 17:37:51,892 - E:/python_test/.idea/test_new.py[line:659] - INFO: err:9527 
2018-06-12 17:38:30,376 - E:/python_test/.idea/test_new.py[line:659] - INFO: err:9527 
2018-06-12 17:38:30,377 - E:/python_test/.idea/test_new.py[line:663] - INFO: number not is int
2018-06-12 17:39:34,237 - E:/python_test/.idea/test_new.py[line:660] - INFO: err:9527 
2018-06-12 17:39:34,237 - E:/python_test/.idea/test_new.py[line:664] - INFO: number not is int
2018-06-12 17:40:38,914 - E:/python_test/.idea/test_new.py[line:660] - INFO: err:9527 
2018-06-12 17:40:38,915 - E:/python_test/.idea/test_new.py[line:662] - INFO: number is int type
2018-06-12 17:44:10,237 - E:/python_test/.idea/test_new.py[line:660] - INFO: err:9527 
2018-06-12 17:44:10,237 - E:/python_test/.idea/test_new.py[line:662] - INFO: number is int type
2018-06-12 17:47:48,771 - E:/python_test/.idea/test_new.py[line:660] - INFO: err:9527 
2018-06-12 17:47:48,772 - E:/python_test/.idea/test_new.py[line:662] - INFO: number is int type
2018-06-13 09:33:13,799 - E:/python_test/.idea/test_new.py[line:660] - INFO: err:9527 
2018-06-13 09:33:13,847 - E:/python_test/.idea/test_new.py[line:662] - INFO: number is int type
2018-06-13 10:29:29,465 - E:/python_test/.idea/test_new.py[line:660] - INFO: err:9527 
2018-06-13 10:29:53,775 - E:/python_test/.idea/test_new.py[line:660] - INFO: err:9527 
2018-06-13 10:30:24,600 - E:/python_test/.idea/test_new.py[line:660] - INFO: err:9527 
2018-06-13 10:30:43,927 - E:/python_test/.idea/test_new.py[line:660] - INFO: err:9527 
2018-06-13 10:30:43,927 - E:/python_test/.idea/test_new.py[line:662] - INFO: number is int type 23
2018-06-13 10:35:10,974 - E:/python_test/.idea/test_new.py[line:660] - INFO: name not is str 232
2018-06-13 10:35:10,974 - E:/python_test/.idea/test_new.py[line:662] - INFO: number is int type 9527
2018-06-13 10:35:38,204 - E:/python_test/.idea/test_new.py[line:662] - INFO: number is int type 9527
2018-06-13 10:36:40,736 - E:/python_test/.idea/test_new.py[line:662] - INFO: name is str > 232 
2018-06-13 10:36:40,737 - E:/python_test/.idea/test_new.py[line:664] - INFO: number is int type 9527
2018-06-13 10:37:15,769 - E:/python_test/.idea/test_new.py[line:662] - INFO: name is str > 232 
2018-06-13 10:37:15,769 - E:/python_test/.idea/test_new.py[line:665] - INFO: number is int type 9527
2018-06-14 11:18:37,100 - E:/python_test/.idea/test_new.py[line:662] - INFO: name is str > 232 
2018-06-14 11:18:37,100 - E:/python_test/.idea/test_new.py[line:665] - INFO: number is int type 9527
2018-08-02 09:18:31,732 - E:/python_test/.idea/test_new.py[line:659] - INFO: name is str > 232 
2018-08-02 09:18:31,750 - E:/python_test/.idea/test_new.py[line:662] - INFO: number is int type 9527
